
*** Running vivado
    with args -log top.vds -m64 -product Vivado -mode batch -messageDb vivado.pb -notrace -source top.tcl



****** Vivado v2024.2 (64-bit)
  **** SW Build 5239630 on Fri Nov 08 22:35:27 MST 2024
  **** IP Build 5239520 on Sun Nov 10 16:12:51 MST 2024
  **** SharedData Build 5239561 on Fri Nov 08 14:39:27 MST 2024
  **** Start of session at: Sat Apr 26 17:33:06 2025
    ** Copyright 1986-2022 Xilinx, Inc. All Rights Reserved.
    ** Copyright 2022-2024 Advanced Micro Devices, Inc. All Rights Reserved.

source top.tcl -notrace
Command: read_checkpoint -auto_incremental -incremental C:/Users/chetan/project/Microprocessor/Microprocessor.srcs/utils_1/imports/synth_1/top.dcp
INFO: [Vivado 12-5825] Read reference checkpoint from C:/Users/chetan/project/Microprocessor/Microprocessor.srcs/utils_1/imports/synth_1/top.dcp for incremental synthesis
INFO: [Vivado 12-7989] Please ensure there are no constraint changes
Command: synth_design -top top -part xc7z020clg484-1
Starting synth_design
Attempting to get a license for feature 'Synthesis' and/or device 'xc7z020'
INFO: [Common 17-349] Got license for feature 'Synthesis' and/or device 'xc7z020'
INFO: [Device 21-403] Loading part xc7z020clg484-1
INFO: [Designutils 20-5440] No compile time benefit to using incremental synthesis; A full resynthesis will be run
INFO: [Designutils 20-4379] Flow is switching to default flow due to incremental criteria not met. If you would like to alter this behaviour and have the flow terminate instead, please set the following parameter config_implementation {autoIncr.Synth.RejectBehavior Terminate}
INFO: [Synth 8-7079] Multithreading enabled for synth_design using a maximum of 2 processes.
INFO: [Synth 8-7078] Launching helper process for spawning children vivado processes
INFO: [Synth 8-7075] Helper process launched with PID 13680
---------------------------------------------------------------------------------
Starting RTL Elaboration : Time (s): cpu = 00:00:06 ; elapsed = 00:00:06 . Memory (MB): peak = 1082.582 ; gain = 468.602
---------------------------------------------------------------------------------
CRITICAL WARNING: [Synth 8-9339] data object 'mux2_out' is already declared [C:/Users/chetan/project/Microprocessor/Microprocessor.srcs/sources_1/new/top.v:154]
INFO: [Synth 8-6826] previous declaration of 'mux2_out' is from here [C:/Users/chetan/project/Microprocessor/Microprocessor.srcs/sources_1/new/top.v:28]
CRITICAL WARNING: [Synth 8-11152] second declaration of 'mux2_out' is ignored [C:/Users/chetan/project/Microprocessor/Microprocessor.srcs/sources_1/new/top.v:154]
INFO: [Synth 8-6157] synthesizing module 'top' [C:/Users/chetan/project/Microprocessor/Microprocessor.srcs/sources_1/new/top.v:22]
INFO: [Synth 8-6157] synthesizing module 'ProgramCounter' [C:/Users/chetan/project/Microprocessor/Microprocessor.srcs/sources_1/new/ProgramCounter.v:23]
INFO: [Synth 8-6155] done synthesizing module 'ProgramCounter' (0#1) [C:/Users/chetan/project/Microprocessor/Microprocessor.srcs/sources_1/new/ProgramCounter.v:23]
INFO: [Synth 8-6157] synthesizing module 'instruction_register' [C:/Users/chetan/project/Microprocessor/Microprocessor.srcs/sources_1/new/instruction_register.v:23]
INFO: [Synth 8-6155] done synthesizing module 'instruction_register' (0#1) [C:/Users/chetan/project/Microprocessor/Microprocessor.srcs/sources_1/new/instruction_register.v:23]
INFO: [Synth 8-6157] synthesizing module 'accumulator' [C:/Users/chetan/project/Microprocessor/Microprocessor.srcs/sources_1/new/accumulator.v:23]
INFO: [Synth 8-6155] done synthesizing module 'accumulator' (0#1) [C:/Users/chetan/project/Microprocessor/Microprocessor.srcs/sources_1/new/accumulator.v:23]
INFO: [Synth 8-6157] synthesizing module 'data_register' [C:/Users/chetan/project/Microprocessor/Microprocessor.srcs/sources_1/new/data_register.v:23]
INFO: [Synth 8-6155] done synthesizing module 'data_register' (0#1) [C:/Users/chetan/project/Microprocessor/Microprocessor.srcs/sources_1/new/data_register.v:23]
INFO: [Synth 8-6157] synthesizing module 'status_register' [C:/Users/chetan/project/Microprocessor/Microprocessor.srcs/sources_1/new/status_register.v:23]
INFO: [Synth 8-6155] done synthesizing module 'status_register' (0#1) [C:/Users/chetan/project/Microprocessor/Microprocessor.srcs/sources_1/new/status_register.v:23]
INFO: [Synth 8-6157] synthesizing module 'adder' [C:/Users/chetan/project/Microprocessor/Microprocessor.srcs/sources_1/imports/new/adder.v:23]
INFO: [Synth 8-6155] done synthesizing module 'adder' (0#1) [C:/Users/chetan/project/Microprocessor/Microprocessor.srcs/sources_1/imports/new/adder.v:23]
INFO: [Synth 8-6157] synthesizing module 'ALU' [C:/Users/chetan/project/Microprocessor/Microprocessor.srcs/sources_1/imports/new/ALU.v:14]
INFO: [Synth 8-6155] done synthesizing module 'ALU' (0#1) [C:/Users/chetan/project/Microprocessor/Microprocessor.srcs/sources_1/imports/new/ALU.v:14]
INFO: [Synth 8-6157] synthesizing module 'Control_Logic' [C:/Users/chetan/project/Microprocessor/Microprocessor.srcs/sources_1/imports/new/Control_Logic.v:22]
INFO: [Synth 8-6155] done synthesizing module 'Control_Logic' (0#1) [C:/Users/chetan/project/Microprocessor/Microprocessor.srcs/sources_1/imports/new/Control_Logic.v:22]
INFO: [Synth 8-6157] synthesizing module 'DMem' [C:/Users/chetan/project/Microprocessor/Microprocessor.srcs/sources_1/imports/new/DMem.v:23]
INFO: [Synth 8-6155] done synthesizing module 'DMem' (0#1) [C:/Users/chetan/project/Microprocessor/Microprocessor.srcs/sources_1/imports/new/DMem.v:23]
INFO: [Synth 8-6157] synthesizing module 'program_memory' [C:/Users/chetan/project/Microprocessor/Microprocessor.srcs/sources_1/new/program_memory.v:22]
INFO: [Synth 8-6155] done synthesizing module 'program_memory' (0#1) [C:/Users/chetan/project/Microprocessor/Microprocessor.srcs/sources_1/new/program_memory.v:22]
WARNING: [Synth 8-689] width (8) of port connection 'acc_out' does not match port width (16) of module 'program_memory' [C:/Users/chetan/project/Microprocessor/Microprocessor.srcs/sources_1/new/top.v:150]
INFO: [Synth 8-6157] synthesizing module 'mux2' [C:/Users/chetan/project/Microprocessor/Microprocessor.srcs/sources_1/new/mux2.v:23]
INFO: [Synth 8-6155] done synthesizing module 'mux2' (0#1) [C:/Users/chetan/project/Microprocessor/Microprocessor.srcs/sources_1/new/mux2.v:23]
INFO: [Synth 8-6155] done synthesizing module 'top' (0#1) [C:/Users/chetan/project/Microprocessor/Microprocessor.srcs/sources_1/new/top.v:22]
WARNING: [Synth 8-7129] Port ir_out[15] in module mux2 is either unconnected or has no load
WARNING: [Synth 8-7129] Port ir_out[14] in module mux2 is either unconnected or has no load
WARNING: [Synth 8-7129] Port ir_out[13] in module mux2 is either unconnected or has no load
WARNING: [Synth 8-7129] Port ir_out[12] in module mux2 is either unconnected or has no load
WARNING: [Synth 8-7129] Port ir_out[11] in module mux2 is either unconnected or has no load
WARNING: [Synth 8-7129] Port ir_out[10] in module mux2 is either unconnected or has no load
WARNING: [Synth 8-7129] Port ir_out[9] in module mux2 is either unconnected or has no load
WARNING: [Synth 8-7129] Port ir_out[8] in module mux2 is either unconnected or has no load
WARNING: [Synth 8-7129] Port IR[7] in module Control_Logic is either unconnected or has no load
WARNING: [Synth 8-7129] Port IR[6] in module Control_Logic is either unconnected or has no load
WARNING: [Synth 8-7129] Port IR[5] in module Control_Logic is either unconnected or has no load
WARNING: [Synth 8-7129] Port IR[4] in module Control_Logic is either unconnected or has no load
WARNING: [Synth 8-7129] Port IR[3] in module Control_Logic is either unconnected or has no load
WARNING: [Synth 8-7129] Port IR[2] in module Control_Logic is either unconnected or has no load
WARNING: [Synth 8-7129] Port IR[1] in module Control_Logic is either unconnected or has no load
WARNING: [Synth 8-7129] Port IR[0] in module Control_Logic is either unconnected or has no load
WARNING: [Synth 8-7129] Port SR[3] in module Control_Logic is either unconnected or has no load
WARNING: [Synth 8-7129] Port SR[2] in module Control_Logic is either unconnected or has no load
WARNING: [Synth 8-7129] Port SR[1] in module Control_Logic is either unconnected or has no load
WARNING: [Synth 8-7129] Port SR[0] in module Control_Logic is either unconnected or has no load
WARNING: [Synth 8-7129] Port CFlags[3] in module ALU is either unconnected or has no load
WARNING: [Synth 8-7129] Port CFlags[2] in module ALU is either unconnected or has no load
WARNING: [Synth 8-7129] Port CFlags[1] in module ALU is either unconnected or has no load
---------------------------------------------------------------------------------
Finished RTL Elaboration : Time (s): cpu = 00:00:07 ; elapsed = 00:00:08 . Memory (MB): peak = 1192.629 ; gain = 578.648
---------------------------------------------------------------------------------
---------------------------------------------------------------------------------
Start Handling Custom Attributes
---------------------------------------------------------------------------------
---------------------------------------------------------------------------------
Finished Handling Custom Attributes : Time (s): cpu = 00:00:07 ; elapsed = 00:00:08 . Memory (MB): peak = 1192.629 ; gain = 578.648
---------------------------------------------------------------------------------
---------------------------------------------------------------------------------
Finished RTL Optimization Phase 1 : Time (s): cpu = 00:00:07 ; elapsed = 00:00:08 . Memory (MB): peak = 1192.629 ; gain = 578.648
---------------------------------------------------------------------------------
Netlist sorting complete. Time (s): cpu = 00:00:00 ; elapsed = 00:00:00.003 . Memory (MB): peak = 1192.629 ; gain = 0.000
INFO: [Project 1-570] Preparing netlist for logic optimization

Processing XDC Constraints
Initializing timing engine
Parsing XDC File [C:/Users/chetan/project/Microprocessor/Microprocessor.srcs/constrs_1/new/Master.xdc]
Finished Parsing XDC File [C:/Users/chetan/project/Microprocessor/Microprocessor.srcs/constrs_1/new/Master.xdc]
INFO: [Project 1-236] Implementation specific constraints were found while reading constraint file [C:/Users/chetan/project/Microprocessor/Microprocessor.srcs/constrs_1/new/Master.xdc]. These constraints will be ignored for synthesis but will be used in implementation. Impacted constraints are listed in the file [.Xil/top_propImpl.xdc].
Resolution: To avoid this warning, move constraints listed in [.Xil/top_propImpl.xdc] to another XDC file and exclude this new file from synthesis with the used_in_synthesis property (File Properties dialog in GUI) and re-run elaboration/synthesis.
Completed Processing XDC Constraints

Netlist sorting complete. Time (s): cpu = 00:00:00 ; elapsed = 00:00:00 . Memory (MB): peak = 1268.133 ; gain = 0.000
INFO: [Project 1-111] Unisim Transformation Summary:
No Unisim elements were transformed.

Constraint Validation Runtime : Time (s): cpu = 00:00:00 ; elapsed = 00:00:00.003 . Memory (MB): peak = 1268.133 ; gain = 0.000
INFO: [Designutils 20-5440] No compile time benefit to using incremental synthesis; A full resynthesis will be run
INFO: [Designutils 20-4379] Flow is switching to default flow due to incremental criteria not met. If you would like to alter this behaviour and have the flow terminate instead, please set the following parameter config_implementation {autoIncr.Synth.RejectBehavior Terminate}
---------------------------------------------------------------------------------
Finished Constraint Validation : Time (s): cpu = 00:00:14 ; elapsed = 00:00:15 . Memory (MB): peak = 1268.133 ; gain = 654.152
---------------------------------------------------------------------------------
---------------------------------------------------------------------------------
Start Loading Part and Timing Information
---------------------------------------------------------------------------------
Loading part: xc7z020clg484-1
---------------------------------------------------------------------------------
Finished Loading Part and Timing Information : Time (s): cpu = 00:00:14 ; elapsed = 00:00:15 . Memory (MB): peak = 1268.133 ; gain = 654.152
---------------------------------------------------------------------------------
---------------------------------------------------------------------------------
Start Applying 'set_property' XDC Constraints
---------------------------------------------------------------------------------
---------------------------------------------------------------------------------
Finished applying 'set_property' XDC Constraints : Time (s): cpu = 00:00:14 ; elapsed = 00:00:15 . Memory (MB): peak = 1268.133 ; gain = 654.152
---------------------------------------------------------------------------------
WARNING: [Synth 8-327] inferring latch for variable 'Flags_reg' [C:/Users/chetan/project/Microprocessor/Microprocessor.srcs/sources_1/imports/new/ALU.v:50]
---------------------------------------------------------------------------------
Finished RTL Optimization Phase 2 : Time (s): cpu = 00:00:14 ; elapsed = 00:00:15 . Memory (MB): peak = 1268.133 ; gain = 654.152
---------------------------------------------------------------------------------
---------------------------------------------------------------------------------
Start RTL Component Statistics 
---------------------------------------------------------------------------------
Detailed RTL Component Info : 
+---Adders : 
	   3 Input    9 Bit       Adders := 3     
	   2 Input    8 Bit       Adders := 4     
	   3 Input    8 Bit       Adders := 1     
	   4 Input    8 Bit       Adders := 1     
	   2 Input    2 Bit       Adders := 1     
+---XORs : 
	   2 Input      8 Bit         XORs := 1     
+---Registers : 
	               16 Bit    Registers := 1     
	                8 Bit    Registers := 4     
	                4 Bit    Registers := 1     
	                2 Bit    Registers := 1     
+---RAMs : 
	              128 Bit	(16 X 8 bit)          RAMs := 1     
+---Muxes : 
	   2 Input   16 Bit        Muxes := 1     
	   2 Input    8 Bit        Muxes := 2     
	  16 Input    4 Bit        Muxes := 2     
	   2 Input    4 Bit        Muxes := 1     
	   4 Input    1 Bit        Muxes := 3     
---------------------------------------------------------------------------------
Finished RTL Component Statistics 
---------------------------------------------------------------------------------
---------------------------------------------------------------------------------
Start Part Resource Summary
---------------------------------------------------------------------------------
Part Resources:
DSPs: 220 (col length:60)
BRAMs: 280 (col length: RAMB18 60 RAMB36 30)
---------------------------------------------------------------------------------
Finished Part Resource Summary
---------------------------------------------------------------------------------
---------------------------------------------------------------------------------
Start Cross Boundary and Area Optimization
---------------------------------------------------------------------------------
WARNING: [Synth 8-7080] Parallel synthesis criteria is not met
WARNING: [Synth 8-7257] Removed RAM (pmem_unit/pmem_reg) due to inactive write enable.
WARNING: [Synth 8-6014] Unused sequential element pmem_unit/pmem_reg was removed. 
WARNING: [Synth 8-3332] Sequential element (alu/Flags_reg[3]) is unused and will be removed from module top.
WARNING: [Synth 8-3332] Sequential element (alu/Flags_reg[2]) is unused and will be removed from module top.
WARNING: [Synth 8-3332] Sequential element (alu/Flags_reg[1]) is unused and will be removed from module top.
WARNING: [Synth 8-3332] Sequential element (alu/Flags_reg[0]) is unused and will be removed from module top.
---------------------------------------------------------------------------------
Finished Cross Boundary and Area Optimization : Time (s): cpu = 00:00:16 ; elapsed = 00:00:17 . Memory (MB): peak = 1268.133 ; gain = 654.152
---------------------------------------------------------------------------------
---------------------------------------------------------------------------------
Start Applying XDC Timing Constraints
---------------------------------------------------------------------------------
---------------------------------------------------------------------------------
Finished Applying XDC Timing Constraints : Time (s): cpu = 00:00:22 ; elapsed = 00:00:23 . Memory (MB): peak = 1375.488 ; gain = 761.508
---------------------------------------------------------------------------------
---------------------------------------------------------------------------------
Start Timing Optimization
---------------------------------------------------------------------------------
---------------------------------------------------------------------------------
Finished Timing Optimization : Time (s): cpu = 00:00:22 ; elapsed = 00:00:23 . Memory (MB): peak = 1375.488 ; gain = 761.508
---------------------------------------------------------------------------------
---------------------------------------------------------------------------------
Start Technology Mapping
---------------------------------------------------------------------------------
---------------------------------------------------------------------------------
Finished Technology Mapping : Time (s): cpu = 00:00:22 ; elapsed = 00:00:23 . Memory (MB): peak = 1385.055 ; gain = 771.074
---------------------------------------------------------------------------------
---------------------------------------------------------------------------------
Start IO Insertion
---------------------------------------------------------------------------------
---------------------------------------------------------------------------------
Start Flattening Before IO Insertion
---------------------------------------------------------------------------------
---------------------------------------------------------------------------------
Finished Flattening Before IO Insertion
---------------------------------------------------------------------------------
---------------------------------------------------------------------------------
Start Final Netlist Cleanup
---------------------------------------------------------------------------------
---------------------------------------------------------------------------------
Finished Final Netlist Cleanup
---------------------------------------------------------------------------------
---------------------------------------------------------------------------------
Finished IO Insertion : Time (s): cpu = 00:00:25 ; elapsed = 00:00:27 . Memory (MB): peak = 1601.715 ; gain = 987.734
---------------------------------------------------------------------------------
---------------------------------------------------------------------------------
Start Renaming Generated Instances
---------------------------------------------------------------------------------
---------------------------------------------------------------------------------
Finished Renaming Generated Instances : Time (s): cpu = 00:00:25 ; elapsed = 00:00:27 . Memory (MB): peak = 1601.715 ; gain = 987.734
---------------------------------------------------------------------------------
---------------------------------------------------------------------------------
Start Rebuilding User Hierarchy
---------------------------------------------------------------------------------
---------------------------------------------------------------------------------
Finished Rebuilding User Hierarchy : Time (s): cpu = 00:00:25 ; elapsed = 00:00:27 . Memory (MB): peak = 1601.715 ; gain = 987.734
---------------------------------------------------------------------------------
---------------------------------------------------------------------------------
Start Renaming Generated Ports
---------------------------------------------------------------------------------
---------------------------------------------------------------------------------
Finished Renaming Generated Ports : Time (s): cpu = 00:00:25 ; elapsed = 00:00:27 . Memory (MB): peak = 1601.715 ; gain = 987.734
---------------------------------------------------------------------------------
---------------------------------------------------------------------------------
Start Handling Custom Attributes
---------------------------------------------------------------------------------
---------------------------------------------------------------------------------
Finished Handling Custom Attributes : Time (s): cpu = 00:00:25 ; elapsed = 00:00:27 . Memory (MB): peak = 1601.715 ; gain = 987.734
---------------------------------------------------------------------------------
---------------------------------------------------------------------------------
Start Renaming Generated Nets
---------------------------------------------------------------------------------
---------------------------------------------------------------------------------
Finished Renaming Generated Nets : Time (s): cpu = 00:00:25 ; elapsed = 00:00:27 . Memory (MB): peak = 1601.715 ; gain = 987.734
---------------------------------------------------------------------------------
---------------------------------------------------------------------------------
Start Writing Synthesis Report
---------------------------------------------------------------------------------

Report BlackBoxes: 
+-+--------------+----------+
| |BlackBox name |Instances |
+-+--------------+----------+
+-+--------------+----------+

Report Cell Usage: 
+------+-----+------+
|      |Cell |Count |
+------+-----+------+
|1     |OBUF |     8|
+------+-----+------+
---------------------------------------------------------------------------------
Finished Writing Synthesis Report : Time (s): cpu = 00:00:25 ; elapsed = 00:00:27 . Memory (MB): peak = 1601.715 ; gain = 987.734
---------------------------------------------------------------------------------
Synthesis finished with 0 errors, 0 critical warnings and 8 warnings.
Synthesis Optimization Runtime : Time (s): cpu = 00:00:16 ; elapsed = 00:00:25 . Memory (MB): peak = 1601.715 ; gain = 912.230
Synthesis Optimization Complete : Time (s): cpu = 00:00:25 ; elapsed = 00:00:27 . Memory (MB): peak = 1601.715 ; gain = 987.734
INFO: [Project 1-571] Translating synthesized netlist
Netlist sorting complete. Time (s): cpu = 00:00:00 ; elapsed = 00:00:00 . Memory (MB): peak = 1601.715 ; gain = 0.000
INFO: [Project 1-570] Preparing netlist for logic optimization
INFO: [Opt 31-138] Pushed 0 inverter(s) to 0 load pin(s).
Netlist sorting complete. Time (s): cpu = 00:00:00 ; elapsed = 00:00:00 . Memory (MB): peak = 1601.715 ; gain = 0.000
INFO: [Project 1-111] Unisim Transformation Summary:
No Unisim elements were transformed.

Synth Design complete | Checksum: 7c4843cc
INFO: [Common 17-83] Releasing license: Synthesis
44 Infos, 32 Warnings, 2 Critical Warnings and 0 Errors encountered.
synth_design completed successfully
synth_design: Time (s): cpu = 00:00:29 ; elapsed = 00:00:33 . Memory (MB): peak = 1601.715 ; gain = 1223.707
INFO: [runtcl-6] Synthesis results are not added to the cache due to CRITICAL_WARNING
Write ShapeDB Complete: Time (s): cpu = 00:00:00 ; elapsed = 00:00:00.001 . Memory (MB): peak = 1601.715 ; gain = 0.000
INFO: [Common 17-1381] The checkpoint 'C:/Users/chetan/project/Microprocessor/Microprocessor.runs/synth_1/top.dcp' has been generated.
INFO: [Vivado 12-24828] Executing command : report_utilization -file top_utilization_synth.rpt -pb top_utilization_synth.pb
INFO: [Common 17-206] Exiting Vivado at Sat Apr 26 17:33:44 2025...
